{"C:\\Users\\devpc\\workstation\\testing\\Nodejs\\express-test\\express-ts-rest-test\\src\\index.ts": {"path":"C:\\Users\\devpc\\workstation\\testing\\Nodejs\\express-test\\express-ts-rest-test\\src\\index.ts","statementMap":{"0":{"start":{"line":1,"column":0},"end":{"line":1,"column":47}},"1":{"start":{"line":2,"column":0},"end":{"line":2,"column":28}},"2":{"start":{"line":3,"column":0},"end":{"line":3,"column":43}},"3":{"start":{"line":4,"column":0},"end":{"line":4,"column":50}},"4":{"start":{"line":5,"column":0},"end":{"line":5,"column":30}},"5":{"start":{"line":7,"column":13},"end":{"line":7,"column":37}},"6":{"start":{"line":8,"column":25},"end":{"line":8,"column":34}},"7":{"start":{"line":10,"column":0},"end":{"line":10,"column":24}},"8":{"start":{"line":11,"column":0},"end":{"line":11,"column":24}},"9":{"start":{"line":12,"column":0},"end":{"line":12,"column":34}},"10":{"start":{"line":14,"column":0},"end":{"line":18,"column":2}},"11":{"start":{"line":20,"column":0},"end":{"line":20,"column":16}},"12":{"start":{"line":22,"column":0},"end":{"line":32,"column":5}},"13":{"start":{"line":25,"column":4},"end":{"line":27,"column":7}},"14":{"start":{"line":26,"column":6},"end":{"line":26,"column":45}},"15":{"start":{"line":30,"column":4},"end":{"line":30,"column":49}},"16":{"start":{"line":31,"column":4},"end":{"line":31,"column":20}}},"fnMap":{"0":{"name":"(anonymous_1)","decl":{"start":{"line":24,"column":8},"end":{"line":24,"column":11}},"loc":{"start":{"line":24,"column":13},"end":{"line":28,"column":3}}},"1":{"name":"(anonymous_2)","decl":{"start":{"line":25,"column":21},"end":{"line":25,"column":24}},"loc":{"start":{"line":25,"column":26},"end":{"line":27,"column":5}}},"2":{"name":"(anonymous_3)","decl":{"start":{"line":29,"column":9},"end":{"line":29,"column":10}},"loc":{"start":{"line":29,"column":16},"end":{"line":32,"column":3}}}},"branchMap":{"0":{"loc":{"start":{"line":7,"column":13},"end":{"line":7,"column":37}},"type":"binary-expr","locations":[{"start":{"line":7,"column":13},"end":{"line":7,"column":29}},{"start":{"line":7,"column":33},"end":{"line":7,"column":37}}]}},"s":{"0":0,"1":0,"2":0,"3":0,"4":0,"5":0,"6":0,"7":0,"8":0,"9":0,"10":0,"11":0,"12":0,"13":0,"14":0,"15":0,"16":0},"f":{"0":0,"1":0,"2":0},"b":{"0":[0,0]}}
,"C:\\Users\\devpc\\workstation\\testing\\Nodejs\\express-test\\express-ts-rest-test\\src\\config\\database.ts": {"path":"C:\\Users\\devpc\\workstation\\testing\\Nodejs\\express-test\\express-ts-rest-test\\src\\config\\database.ts","statementMap":{"0":{"start":{"line":1,"column":0},"end":{"line":1,"column":37}},"1":{"start":{"line":2,"column":0},"end":{"line":2,"column":50}},"2":{"start":{"line":3,"column":0},"end":{"line":3,"column":49}},"3":{"start":{"line":4,"column":0},"end":{"line":4,"column":44}},"4":{"start":{"line":6,"column":22},"end":{"line":15,"column":2}},"5":{"start":{"line":17,"column":9},"end":{"line":17,"column":22}}},"fnMap":{},"branchMap":{"0":{"loc":{"start":{"line":8,"column":8},"end":{"line":8,"column":48}},"type":"binary-expr","locations":[{"start":{"line":8,"column":8},"end":{"line":8,"column":33}},{"start":{"line":8,"column":37},"end":{"line":8,"column":48}}]},"1":{"loc":{"start":{"line":9,"column":8},"end":{"line":9,"column":49}},"type":"binary-expr","locations":[{"start":{"line":9,"column":8},"end":{"line":9,"column":41}},{"start":{"line":9,"column":45},"end":{"line":9,"column":49}}]},"2":{"loc":{"start":{"line":10,"column":12},"end":{"line":10,"column":51}},"type":"binary-expr","locations":[{"start":{"line":10,"column":12},"end":{"line":10,"column":37}},{"start":{"line":10,"column":41},"end":{"line":10,"column":51}}]},"3":{"loc":{"start":{"line":11,"column":12},"end":{"line":11,"column":55}},"type":"binary-expr","locations":[{"start":{"line":11,"column":12},"end":{"line":11,"column":41}},{"start":{"line":11,"column":45},"end":{"line":11,"column":55}}]},"4":{"loc":{"start":{"line":12,"column":12},"end":{"line":12,"column":49}},"type":"binary-expr","locations":[{"start":{"line":12,"column":12},"end":{"line":12,"column":35}},{"start":{"line":12,"column":39},"end":{"line":12,"column":49}}]}},"s":{"0":0,"1":0,"2":0,"3":0,"4":0,"5":0},"f":{},"b":{"0":[0,0],"1":[0,0],"2":[0,0],"3":[0,0],"4":[0,0]}}
,"C:\\Users\\devpc\\workstation\\testing\\Nodejs\\express-test\\express-ts-rest-test\\src\\controllers\\comment.controller.ts": {"path":"C:\\Users\\devpc\\workstation\\testing\\Nodejs\\express-test\\express-ts-rest-test\\src\\controllers\\comment.controller.ts","statementMap":{"0":{"start":{"line":1,"column":0},"end":{"line":1,"column":58}},"1":{"start":{"line":3,"column":0},"end":{"line":3,"column":null}},"2":{"start":{"line":12,"column":15},"end":{"line":27,"column":null}},"3":{"start":{"line":15,"column":4},"end":{"line":15,"column":20}},"4":{"start":{"line":20,"column":4},"end":{"line":20,"column":27}},"5":{"start":{"line":25,"column":4},"end":{"line":25,"column":30}},"6":{"start":{"line":14,"column":15},"end":{"line":16,"column":null}},"7":{"start":{"line":19,"column":15},"end":{"line":21,"column":null}},"8":{"start":{"line":24,"column":15},"end":{"line":26,"column":null}},"9":{"start":{"line":12,"column":21},"end":{"line":27,"column":null}},"10":{"start":{"line":12,"column":21},"end":{"line":12,"column":null}}},"fnMap":{"0":{"name":"(anonymous_11)","decl":{"start":{"line":14,"column":15},"end":{"line":14,"column":21}},"loc":{"start":{"line":14,"column":21},"end":{"line":16,"column":null}}},"1":{"name":"(anonymous_13)","decl":{"start":{"line":19,"column":15},"end":{"line":19,"column":24}},"loc":{"start":{"line":19,"column":54},"end":{"line":21,"column":null}}},"2":{"name":"(anonymous_15)","decl":{"start":{"line":24,"column":15},"end":{"line":24,"column":21}},"loc":{"start":{"line":24,"column":40},"end":{"line":26,"column":null}}}},"branchMap":{},"s":{"0":0,"1":0,"2":0,"3":0,"4":0,"5":0,"6":0,"7":0,"8":0,"9":0,"10":0},"f":{"0":0,"1":0,"2":0},"b":{}}
,"C:\\Users\\devpc\\workstation\\testing\\Nodejs\\express-test\\express-ts-rest-test\\src\\controllers\\ping.controller.ts": {"path":"C:\\Users\\devpc\\workstation\\testing\\Nodejs\\express-test\\express-ts-rest-test\\src\\controllers\\ping.controller.ts","statementMap":{"0":{"start":{"line":1,"column":0},"end":{"line":1,"column":34}},"1":{"start":{"line":8,"column":15},"end":{"line":13,"column":null}},"2":{"start":{"line":11,"column":4},"end":{"line":11,"column":31}},"3":{"start":{"line":10,"column":15},"end":{"line":12,"column":null}},"4":{"start":{"line":8,"column":21},"end":{"line":13,"column":null}},"5":{"start":{"line":8,"column":21},"end":{"line":8,"column":null}}},"fnMap":{"0":{"name":"(anonymous_9)","decl":{"start":{"line":10,"column":15},"end":{"line":10,"column":25}},"loc":{"start":{"line":10,"column":25},"end":{"line":12,"column":null}}}},"branchMap":{},"s":{"0":1,"1":1,"2":1,"3":1,"4":1,"5":1},"f":{"0":1},"b":{}}
,"C:\\Users\\devpc\\workstation\\testing\\Nodejs\\express-test\\express-ts-rest-test\\src\\controllers\\post.controller.ts": {"path":"C:\\Users\\devpc\\workstation\\testing\\Nodejs\\express-test\\express-ts-rest-test\\src\\controllers\\post.controller.ts","statementMap":{"0":{"start":{"line":1,"column":0},"end":{"line":1,"column":58}},"1":{"start":{"line":3,"column":0},"end":{"line":3,"column":null}},"2":{"start":{"line":12,"column":15},"end":{"line":27,"column":null}},"3":{"start":{"line":15,"column":4},"end":{"line":15,"column":22}},"4":{"start":{"line":20,"column":4},"end":{"line":20,"column":28}},"5":{"start":{"line":25,"column":4},"end":{"line":25,"column":31}},"6":{"start":{"line":14,"column":15},"end":{"line":16,"column":null}},"7":{"start":{"line":19,"column":15},"end":{"line":21,"column":null}},"8":{"start":{"line":24,"column":15},"end":{"line":26,"column":null}},"9":{"start":{"line":12,"column":21},"end":{"line":27,"column":null}},"10":{"start":{"line":12,"column":21},"end":{"line":12,"column":null}}},"fnMap":{"0":{"name":"(anonymous_11)","decl":{"start":{"line":14,"column":15},"end":{"line":14,"column":23}},"loc":{"start":{"line":14,"column":23},"end":{"line":16,"column":null}}},"1":{"name":"(anonymous_13)","decl":{"start":{"line":19,"column":15},"end":{"line":19,"column":25}},"loc":{"start":{"line":19,"column":52},"end":{"line":21,"column":null}}},"2":{"name":"(anonymous_15)","decl":{"start":{"line":24,"column":15},"end":{"line":24,"column":22}},"loc":{"start":{"line":24,"column":41},"end":{"line":26,"column":null}}}},"branchMap":{},"s":{"0":0,"1":0,"2":0,"3":0,"4":0,"5":0,"6":0,"7":0,"8":0,"9":0,"10":0},"f":{"0":0,"1":0,"2":0},"b":{}}
,"C:\\Users\\devpc\\workstation\\testing\\Nodejs\\express-test\\express-ts-rest-test\\src\\controllers\\user.controller.ts": {"path":"C:\\Users\\devpc\\workstation\\testing\\Nodejs\\express-test\\express-ts-rest-test\\src\\controllers\\user.controller.ts","statementMap":{"0":{"start":{"line":1,"column":0},"end":{"line":1,"column":58}},"1":{"start":{"line":3,"column":0},"end":{"line":3,"column":null}},"2":{"start":{"line":12,"column":15},"end":{"line":27,"column":null}},"3":{"start":{"line":15,"column":4},"end":{"line":15,"column":22}},"4":{"start":{"line":20,"column":4},"end":{"line":20,"column":28}},"5":{"start":{"line":25,"column":4},"end":{"line":25,"column":31}},"6":{"start":{"line":14,"column":15},"end":{"line":16,"column":null}},"7":{"start":{"line":19,"column":15},"end":{"line":21,"column":null}},"8":{"start":{"line":24,"column":15},"end":{"line":26,"column":null}},"9":{"start":{"line":12,"column":21},"end":{"line":27,"column":null}},"10":{"start":{"line":12,"column":21},"end":{"line":12,"column":null}}},"fnMap":{"0":{"name":"(anonymous_11)","decl":{"start":{"line":14,"column":15},"end":{"line":14,"column":23}},"loc":{"start":{"line":14,"column":23},"end":{"line":16,"column":null}}},"1":{"name":"(anonymous_13)","decl":{"start":{"line":19,"column":15},"end":{"line":19,"column":25}},"loc":{"start":{"line":19,"column":52},"end":{"line":21,"column":null}}},"2":{"name":"(anonymous_15)","decl":{"start":{"line":24,"column":15},"end":{"line":24,"column":22}},"loc":{"start":{"line":24,"column":41},"end":{"line":26,"column":null}}}},"branchMap":{},"s":{"0":0,"1":0,"2":0,"3":0,"4":0,"5":0,"6":0,"7":0,"8":0,"9":0,"10":0},"f":{"0":0,"1":0,"2":0},"b":{}}
,"C:\\Users\\devpc\\workstation\\testing\\Nodejs\\express-test\\express-ts-rest-test\\src\\models\\comment.model.ts": {"path":"C:\\Users\\devpc\\workstation\\testing\\Nodejs\\express-test\\express-ts-rest-test\\src\\models\\comment.model.ts","statementMap":{"0":{"start":{"line":1,"column":0},"end":{"line":1,"column":null}},"1":{"start":{"line":9,"column":0},"end":{"line":9,"column":41}},"2":{"start":{"line":10,"column":0},"end":{"line":10,"column":36}},"3":{"start":{"line":13,"column":7},"end":{"line":38,"column":null}},"4":{"start":{"line":14,"column":2},"end":{"line":15,"column":null}},"5":{"start":{"line":17,"column":2},"end":{"line":18,"column":null}},"6":{"start":{"line":20,"column":2},"end":{"line":21,"column":null}},"7":{"start":{"line":23,"column":2},"end":{"line":25,"column":null}},"8":{"start":{"line":23,"column":24},"end":{"line":23,"column":28}},"9":{"start":{"line":23,"column":46},"end":{"line":23,"column":59}},"10":{"start":{"line":27,"column":2},"end":{"line":28,"column":null}},"11":{"start":{"line":29,"column":2},"end":{"line":31,"column":null}},"12":{"start":{"line":29,"column":24},"end":{"line":29,"column":28}},"13":{"start":{"line":29,"column":46},"end":{"line":29,"column":59}},"14":{"start":{"line":33,"column":2},"end":{"line":34,"column":null}},"15":{"start":{"line":36,"column":2},"end":{"line":37,"column":null}},"16":{"start":{"line":13,"column":13},"end":{"line":38,"column":null}},"17":{"start":{"line":13,"column":13},"end":{"line":13,"column":20}}},"fnMap":{"0":{"name":"(anonymous_2)","decl":{"start":{"line":23,"column":13},"end":{"line":23,"column":14}},"loc":{"start":{"line":23,"column":24},"end":{"line":23,"column":28}}},"1":{"name":"(anonymous_3)","decl":{"start":{"line":23,"column":30},"end":{"line":23,"column":31}},"loc":{"start":{"line":23,"column":46},"end":{"line":23,"column":59}}},"2":{"name":"(anonymous_4)","decl":{"start":{"line":29,"column":13},"end":{"line":29,"column":14}},"loc":{"start":{"line":29,"column":24},"end":{"line":29,"column":28}}},"3":{"name":"(anonymous_5)","decl":{"start":{"line":29,"column":30},"end":{"line":29,"column":31}},"loc":{"start":{"line":29,"column":46},"end":{"line":29,"column":59}}}},"branchMap":{},"s":{"0":0,"1":0,"2":0,"3":0,"4":0,"5":0,"6":0,"7":0,"8":0,"9":0,"10":0,"11":0,"12":0,"13":0,"14":0,"15":0,"16":0,"17":0},"f":{"0":0,"1":0,"2":0,"3":0},"b":{}}
,"C:\\Users\\devpc\\workstation\\testing\\Nodejs\\express-test\\express-ts-rest-test\\src\\models\\post.model.ts": {"path":"C:\\Users\\devpc\\workstation\\testing\\Nodejs\\express-test\\express-ts-rest-test\\src\\models\\post.model.ts","statementMap":{"0":{"start":{"line":1,"column":0},"end":{"line":1,"column":null}},"1":{"start":{"line":9,"column":0},"end":{"line":9,"column":36}},"2":{"start":{"line":12,"column":7},"end":{"line":36,"column":null}},"3":{"start":{"line":13,"column":2},"end":{"line":14,"column":null}},"4":{"start":{"line":16,"column":2},"end":{"line":17,"column":null}},"5":{"start":{"line":19,"column":2},"end":{"line":20,"column":null}},"6":{"start":{"line":22,"column":2},"end":{"line":23,"column":null}},"7":{"start":{"line":25,"column":2},"end":{"line":27,"column":null}},"8":{"start":{"line":25,"column":24},"end":{"line":25,"column":28}},"9":{"start":{"line":25,"column":46},"end":{"line":25,"column":56}},"10":{"start":{"line":31,"column":2},"end":{"line":32,"column":null}},"11":{"start":{"line":34,"column":2},"end":{"line":35,"column":null}},"12":{"start":{"line":12,"column":13},"end":{"line":36,"column":null}},"13":{"start":{"line":12,"column":13},"end":{"line":12,"column":22}}},"fnMap":{"0":{"name":"(anonymous_2)","decl":{"start":{"line":25,"column":13},"end":{"line":25,"column":14}},"loc":{"start":{"line":25,"column":24},"end":{"line":25,"column":28}}},"1":{"name":"(anonymous_3)","decl":{"start":{"line":25,"column":30},"end":{"line":25,"column":31}},"loc":{"start":{"line":25,"column":46},"end":{"line":25,"column":56}}}},"branchMap":{},"s":{"0":0,"1":0,"2":0,"3":0,"4":0,"5":0,"6":0,"7":0,"8":0,"9":0,"10":0,"11":0,"12":0,"13":0},"f":{"0":0,"1":0},"b":{}}
,"C:\\Users\\devpc\\workstation\\testing\\Nodejs\\express-test\\express-ts-rest-test\\src\\models\\user.model.ts": {"path":"C:\\Users\\devpc\\workstation\\testing\\Nodejs\\express-test\\express-ts-rest-test\\src\\models\\user.model.ts","statementMap":{"0":{"start":{"line":1,"column":0},"end":{"line":1,"column":null}},"1":{"start":{"line":8,"column":0},"end":{"line":8,"column":42}},"2":{"start":{"line":9,"column":0},"end":{"line":9,"column":41}},"3":{"start":{"line":12,"column":7},"end":{"line":36,"column":null}},"4":{"start":{"line":13,"column":2},"end":{"line":14,"column":null}},"5":{"start":{"line":16,"column":2},"end":{"line":17,"column":null}},"6":{"start":{"line":19,"column":2},"end":{"line":20,"column":null}},"7":{"start":{"line":22,"column":2},"end":{"line":23,"column":null}},"8":{"start":{"line":25,"column":2},"end":{"line":26,"column":null}},"9":{"start":{"line":25,"column":24},"end":{"line":25,"column":33}},"10":{"start":{"line":25,"column":56},"end":{"line":25,"column":65}},"11":{"start":{"line":28,"column":2},"end":{"line":29,"column":null}},"12":{"start":{"line":28,"column":24},"end":{"line":28,"column":31}},"13":{"start":{"line":28,"column":55},"end":{"line":28,"column":67}},"14":{"start":{"line":31,"column":2},"end":{"line":32,"column":null}},"15":{"start":{"line":34,"column":2},"end":{"line":35,"column":null}},"16":{"start":{"line":12,"column":13},"end":{"line":36,"column":null}},"17":{"start":{"line":12,"column":13},"end":{"line":12,"column":17}}},"fnMap":{"0":{"name":"(anonymous_2)","decl":{"start":{"line":25,"column":13},"end":{"line":25,"column":14}},"loc":{"start":{"line":25,"column":24},"end":{"line":25,"column":33}}},"1":{"name":"(anonymous_3)","decl":{"start":{"line":25,"column":35},"end":{"line":25,"column":36}},"loc":{"start":{"line":25,"column":56},"end":{"line":25,"column":65}}},"2":{"name":"(anonymous_4)","decl":{"start":{"line":28,"column":13},"end":{"line":28,"column":14}},"loc":{"start":{"line":28,"column":24},"end":{"line":28,"column":31}}},"3":{"name":"(anonymous_5)","decl":{"start":{"line":28,"column":33},"end":{"line":28,"column":34}},"loc":{"start":{"line":28,"column":55},"end":{"line":28,"column":67}}}},"branchMap":{},"s":{"0":0,"1":0,"2":0,"3":0,"4":0,"5":0,"6":0,"7":0,"8":0,"9":0,"10":0,"11":0,"12":0,"13":0,"14":0,"15":0,"16":0,"17":0},"f":{"0":0,"1":0,"2":0,"3":0},"b":{}}
,"C:\\Users\\devpc\\workstation\\testing\\Nodejs\\express-test\\express-ts-rest-test\\src\\repositories\\comment.repository.ts": {"path":"C:\\Users\\devpc\\workstation\\testing\\Nodejs\\express-test\\express-ts-rest-test\\src\\repositories\\comment.repository.ts","statementMap":{"0":{"start":{"line":1,"column":0},"end":{"line":1,"column":51}},"1":{"start":{"line":2,"column":0},"end":{"line":2,"column":50}},"2":{"start":{"line":10,"column":19},"end":{"line":10,"column":55}},"3":{"start":{"line":12,"column":22},"end":{"line":14,"column":2}},"4":{"start":{"line":12,"column":58},"end":{"line":14,"column":2}},"5":{"start":{"line":13,"column":2},"end":{"line":13,"column":27}},"6":{"start":{"line":12,"column":13},"end":{"line":12,"column":22}},"7":{"start":{"line":16,"column":25},"end":{"line":22,"column":2}},"8":{"start":{"line":16,"column":78},"end":{"line":22,"column":2}},"9":{"start":{"line":17,"column":14},"end":{"line":17,"column":27}},"10":{"start":{"line":18,"column":2},"end":{"line":21,"column":5}},"11":{"start":{"line":16,"column":13},"end":{"line":16,"column":25}},"12":{"start":{"line":24,"column":22},"end":{"line":27,"column":2}},"13":{"start":{"line":24,"column":68},"end":{"line":27,"column":2}},"14":{"start":{"line":25,"column":14},"end":{"line":25,"column":48}},"15":{"start":{"line":26,"column":2},"end":{"line":26,"column":21}},"16":{"start":{"line":24,"column":13},"end":{"line":24,"column":22}}},"fnMap":{"0":{"name":"(anonymous_7)","decl":{"start":{"line":12,"column":22},"end":{"line":12,"column":56}},"loc":{"start":{"line":12,"column":58},"end":{"line":14,"column":2}}},"1":{"name":"(anonymous_8)","decl":{"start":{"line":12,"column":58},"end":{"line":12,"column":null}},"loc":{"start":{"line":12,"column":58},"end":{"line":14,"column":1}}},"2":{"name":"(anonymous_9)","decl":{"start":{"line":16,"column":25},"end":{"line":16,"column":32}},"loc":{"start":{"line":16,"column":78},"end":{"line":22,"column":2}}},"3":{"name":"(anonymous_10)","decl":{"start":{"line":16,"column":78},"end":{"line":16,"column":null}},"loc":{"start":{"line":16,"column":78},"end":{"line":22,"column":1}}},"4":{"name":"(anonymous_11)","decl":{"start":{"line":24,"column":22},"end":{"line":24,"column":29}},"loc":{"start":{"line":24,"column":68},"end":{"line":27,"column":2}}},"5":{"name":"(anonymous_12)","decl":{"start":{"line":24,"column":68},"end":{"line":24,"column":null}},"loc":{"start":{"line":24,"column":68},"end":{"line":27,"column":1}}}},"branchMap":{"0":{"loc":{"start":{"line":26,"column":9},"end":{"line":26,"column":20}},"type":"binary-expr","locations":[{"start":{"line":26,"column":9},"end":{"line":26,"column":12}},{"start":{"line":26,"column":16},"end":{"line":26,"column":20}}]}},"s":{"0":0,"1":0,"2":0,"3":0,"4":0,"5":0,"6":0,"7":0,"8":0,"9":0,"10":0,"11":0,"12":0,"13":0,"14":0,"15":0,"16":0},"f":{"0":0,"1":0,"2":0,"3":0,"4":0,"5":0},"b":{"0":[0,0]}}
,"C:\\Users\\devpc\\workstation\\testing\\Nodejs\\express-test\\express-ts-rest-test\\src\\repositories\\post.repository.ts": {"path":"C:\\Users\\devpc\\workstation\\testing\\Nodejs\\express-test\\express-ts-rest-test\\src\\repositories\\post.repository.ts","statementMap":{"0":{"start":{"line":1,"column":0},"end":{"line":1,"column":51}},"1":{"start":{"line":2,"column":0},"end":{"line":2,"column":49}},"2":{"start":{"line":10,"column":19},"end":{"line":10,"column":57}},"3":{"start":{"line":12,"column":24},"end":{"line":14,"column":2}},"4":{"start":{"line":12,"column":62},"end":{"line":14,"column":2}},"5":{"start":{"line":13,"column":2},"end":{"line":13,"column":27}},"6":{"start":{"line":12,"column":13},"end":{"line":12,"column":24}},"7":{"start":{"line":16,"column":26},"end":{"line":22,"column":2}},"8":{"start":{"line":16,"column":78},"end":{"line":22,"column":2}},"9":{"start":{"line":17,"column":15},"end":{"line":17,"column":30}},"10":{"start":{"line":18,"column":2},"end":{"line":21,"column":5}},"11":{"start":{"line":16,"column":13},"end":{"line":16,"column":26}},"12":{"start":{"line":24,"column":23},"end":{"line":27,"column":2}},"13":{"start":{"line":24,"column":71},"end":{"line":27,"column":2}},"14":{"start":{"line":25,"column":15},"end":{"line":25,"column":49}},"15":{"start":{"line":26,"column":2},"end":{"line":26,"column":22}},"16":{"start":{"line":24,"column":13},"end":{"line":24,"column":23}}},"fnMap":{"0":{"name":"(anonymous_7)","decl":{"start":{"line":12,"column":24},"end":{"line":12,"column":60}},"loc":{"start":{"line":12,"column":62},"end":{"line":14,"column":2}}},"1":{"name":"(anonymous_8)","decl":{"start":{"line":12,"column":62},"end":{"line":12,"column":null}},"loc":{"start":{"line":12,"column":62},"end":{"line":14,"column":1}}},"2":{"name":"(anonymous_9)","decl":{"start":{"line":16,"column":26},"end":{"line":16,"column":33}},"loc":{"start":{"line":16,"column":78},"end":{"line":22,"column":2}}},"3":{"name":"(anonymous_10)","decl":{"start":{"line":16,"column":78},"end":{"line":16,"column":null}},"loc":{"start":{"line":16,"column":78},"end":{"line":22,"column":1}}},"4":{"name":"(anonymous_11)","decl":{"start":{"line":24,"column":23},"end":{"line":24,"column":30}},"loc":{"start":{"line":24,"column":71},"end":{"line":27,"column":2}}},"5":{"name":"(anonymous_12)","decl":{"start":{"line":24,"column":71},"end":{"line":24,"column":null}},"loc":{"start":{"line":24,"column":71},"end":{"line":27,"column":1}}}},"branchMap":{"0":{"loc":{"start":{"line":26,"column":9},"end":{"line":26,"column":21}},"type":"binary-expr","locations":[{"start":{"line":26,"column":9},"end":{"line":26,"column":13}},{"start":{"line":26,"column":17},"end":{"line":26,"column":21}}]}},"s":{"0":0,"1":0,"2":0,"3":0,"4":0,"5":0,"6":0,"7":0,"8":0,"9":0,"10":0,"11":0,"12":0,"13":0,"14":0,"15":0,"16":0},"f":{"0":0,"1":0,"2":0,"3":0,"4":0,"5":0},"b":{"0":[0,0]}}
,"C:\\Users\\devpc\\workstation\\testing\\Nodejs\\express-test\\express-ts-rest-test\\src\\repositories\\user.repository.ts": {"path":"C:\\Users\\devpc\\workstation\\testing\\Nodejs\\express-test\\express-ts-rest-test\\src\\repositories\\user.repository.ts","statementMap":{"0":{"start":{"line":1,"column":0},"end":{"line":1,"column":51}},"1":{"start":{"line":2,"column":0},"end":{"line":2,"column":44}},"2":{"start":{"line":10,"column":24},"end":{"line":13,"column":2}},"3":{"start":{"line":10,"column":57},"end":{"line":13,"column":2}},"4":{"start":{"line":11,"column":25},"end":{"line":11,"column":58}},"5":{"start":{"line":12,"column":2},"end":{"line":12,"column":31}},"6":{"start":{"line":10,"column":13},"end":{"line":10,"column":24}},"7":{"start":{"line":15,"column":26},"end":{"line":22,"column":2}},"8":{"start":{"line":15,"column":73},"end":{"line":22,"column":2}},"9":{"start":{"line":16,"column":25},"end":{"line":16,"column":58}},"10":{"start":{"line":17,"column":15},"end":{"line":17,"column":25}},"11":{"start":{"line":18,"column":2},"end":{"line":21,"column":5}},"12":{"start":{"line":15,"column":13},"end":{"line":15,"column":26}},"13":{"start":{"line":24,"column":23},"end":{"line":28,"column":2}},"14":{"start":{"line":24,"column":66},"end":{"line":28,"column":2}},"15":{"start":{"line":25,"column":25},"end":{"line":25,"column":58}},"16":{"start":{"line":26,"column":15},"end":{"line":26,"column":53}},"17":{"start":{"line":27,"column":2},"end":{"line":27,"column":22}},"18":{"start":{"line":24,"column":13},"end":{"line":24,"column":23}}},"fnMap":{"0":{"name":"(anonymous_7)","decl":{"start":{"line":10,"column":24},"end":{"line":10,"column":55}},"loc":{"start":{"line":10,"column":57},"end":{"line":13,"column":2}}},"1":{"name":"(anonymous_8)","decl":{"start":{"line":10,"column":57},"end":{"line":10,"column":null}},"loc":{"start":{"line":10,"column":57},"end":{"line":13,"column":1}}},"2":{"name":"(anonymous_9)","decl":{"start":{"line":15,"column":26},"end":{"line":15,"column":33}},"loc":{"start":{"line":15,"column":73},"end":{"line":22,"column":2}}},"3":{"name":"(anonymous_10)","decl":{"start":{"line":15,"column":73},"end":{"line":15,"column":null}},"loc":{"start":{"line":15,"column":73},"end":{"line":22,"column":1}}},"4":{"name":"(anonymous_11)","decl":{"start":{"line":24,"column":23},"end":{"line":24,"column":30}},"loc":{"start":{"line":24,"column":66},"end":{"line":28,"column":2}}},"5":{"name":"(anonymous_12)","decl":{"start":{"line":24,"column":66},"end":{"line":24,"column":null}},"loc":{"start":{"line":24,"column":66},"end":{"line":28,"column":1}}}},"branchMap":{"0":{"loc":{"start":{"line":27,"column":9},"end":{"line":27,"column":21}},"type":"binary-expr","locations":[{"start":{"line":27,"column":9},"end":{"line":27,"column":13}},{"start":{"line":27,"column":17},"end":{"line":27,"column":21}}]}},"s":{"0":0,"1":0,"2":0,"3":0,"4":0,"5":0,"6":0,"7":0,"8":0,"9":0,"10":0,"11":0,"12":0,"13":0,"14":0,"15":0,"16":0,"17":0,"18":0},"f":{"0":0,"1":0,"2":0,"3":0,"4":0,"5":0},"b":{"0":[0,0]}}
,"C:\\Users\\devpc\\workstation\\testing\\Nodejs\\express-test\\express-ts-rest-test\\src\\routes\\comment.router.ts": {"path":"C:\\Users\\devpc\\workstation\\testing\\Nodejs\\express-test\\express-ts-rest-test\\src\\routes\\comment.router.ts","statementMap":{"0":{"start":{"line":1,"column":0},"end":{"line":1,"column":33}},"1":{"start":{"line":2,"column":0},"end":{"line":2,"column":66}},"2":{"start":{"line":5,"column":22},"end":{"line":5,"column":30}},"3":{"start":{"line":24,"column":9},"end":{"line":24,"column":22}},"4":{"start":{"line":6,"column":26},"end":{"line":6,"column":49}},"5":{"start":{"line":8,"column":0},"end":{"line":11,"column":3}},"6":{"start":{"line":8,"column":43},"end":{"line":11,"column":2}},"7":{"start":{"line":9,"column":19},"end":{"line":9,"column":51}},"8":{"start":{"line":10,"column":2},"end":{"line":10,"column":28}},"9":{"start":{"line":13,"column":0},"end":{"line":16,"column":3}},"10":{"start":{"line":13,"column":43},"end":{"line":16,"column":2}},"11":{"start":{"line":14,"column":19},"end":{"line":14,"column":62}},"12":{"start":{"line":15,"column":2},"end":{"line":15,"column":28}},"13":{"start":{"line":18,"column":0},"end":{"line":22,"column":3}},"14":{"start":{"line":18,"column":45},"end":{"line":22,"column":2}},"15":{"start":{"line":19,"column":19},"end":{"line":19,"column":64}},"16":{"start":{"line":20,"column":2},"end":{"line":20,"column":71}},"17":{"start":{"line":20,"column":17},"end":{"line":20,"column":71}},"18":{"start":{"line":21,"column":2},"end":{"line":21,"column":28}}},"fnMap":{"0":{"name":"(anonymous_8)","decl":{"start":{"line":8,"column":23},"end":{"line":8,"column":30}},"loc":{"start":{"line":8,"column":43},"end":{"line":11,"column":2}}},"1":{"name":"(anonymous_9)","decl":{"start":{"line":8,"column":43},"end":{"line":8,"column":null}},"loc":{"start":{"line":8,"column":43},"end":{"line":11,"column":1}}},"2":{"name":"(anonymous_10)","decl":{"start":{"line":13,"column":24},"end":{"line":13,"column":31}},"loc":{"start":{"line":13,"column":43},"end":{"line":16,"column":2}}},"3":{"name":"(anonymous_11)","decl":{"start":{"line":13,"column":43},"end":{"line":13,"column":null}},"loc":{"start":{"line":13,"column":43},"end":{"line":16,"column":1}}},"4":{"name":"(anonymous_12)","decl":{"start":{"line":18,"column":26},"end":{"line":18,"column":33}},"loc":{"start":{"line":18,"column":45},"end":{"line":22,"column":2}}},"5":{"name":"(anonymous_13)","decl":{"start":{"line":18,"column":45},"end":{"line":18,"column":null}},"loc":{"start":{"line":18,"column":45},"end":{"line":22,"column":1}}}},"branchMap":{"0":{"loc":{"start":{"line":20,"column":2},"end":{"line":20,"column":71}},"type":"if","locations":[{"start":{"line":20,"column":2},"end":{"line":20,"column":71}}]}},"s":{"0":0,"1":0,"2":0,"3":0,"4":0,"5":0,"6":0,"7":0,"8":0,"9":0,"10":0,"11":0,"12":0,"13":0,"14":0,"15":0,"16":0,"17":0,"18":0},"f":{"0":0,"1":0,"2":0,"3":0,"4":0,"5":0},"b":{"0":[0]}}
,"C:\\Users\\devpc\\workstation\\testing\\Nodejs\\express-test\\express-ts-rest-test\\src\\routes\\index.ts": {"path":"C:\\Users\\devpc\\workstation\\testing\\Nodejs\\express-test\\express-ts-rest-test\\src\\routes\\index.ts","statementMap":{"0":{"start":{"line":1,"column":0},"end":{"line":1,"column":33}},"1":{"start":{"line":2,"column":0},"end":{"line":2,"column":60}},"2":{"start":{"line":3,"column":0},"end":{"line":3,"column":49}},"3":{"start":{"line":4,"column":0},"end":{"line":4,"column":43}},"4":{"start":{"line":5,"column":0},"end":{"line":5,"column":43}},"5":{"start":{"line":7,"column":15},"end":{"line":7,"column":23}},"6":{"start":{"line":9,"column":0},"end":{"line":13,"column":3}},"7":{"start":{"line":9,"column":39},"end":{"line":13,"column":2}},"8":{"start":{"line":10,"column":21},"end":{"line":10,"column":41}},"9":{"start":{"line":11,"column":19},"end":{"line":11,"column":48}},"10":{"start":{"line":12,"column":2},"end":{"line":12,"column":28}},"11":{"start":{"line":15,"column":0},"end":{"line":15,"column":33}},"12":{"start":{"line":16,"column":0},"end":{"line":16,"column":33}},"13":{"start":{"line":17,"column":0},"end":{"line":17,"column":39}},"14":{"start":{"line":19,"column":0},"end":{"line":19,"column":22}}},"fnMap":{"0":{"name":"(anonymous_8)","decl":{"start":{"line":9,"column":20},"end":{"line":9,"column":27}},"loc":{"start":{"line":9,"column":39},"end":{"line":13,"column":2}}},"1":{"name":"(anonymous_9)","decl":{"start":{"line":9,"column":39},"end":{"line":9,"column":null}},"loc":{"start":{"line":9,"column":39},"end":{"line":13,"column":1}}}},"branchMap":{},"s":{"0":0,"1":0,"2":0,"3":0,"4":0,"5":0,"6":0,"7":0,"8":0,"9":0,"10":0,"11":0,"12":0,"13":0,"14":0},"f":{"0":0,"1":0},"b":{}}
,"C:\\Users\\devpc\\workstation\\testing\\Nodejs\\express-test\\express-ts-rest-test\\src\\routes\\post.router.ts": {"path":"C:\\Users\\devpc\\workstation\\testing\\Nodejs\\express-test\\express-ts-rest-test\\src\\routes\\post.router.ts","statementMap":{"0":{"start":{"line":1,"column":0},"end":{"line":1,"column":33}},"1":{"start":{"line":2,"column":0},"end":{"line":2,"column":60}},"2":{"start":{"line":4,"column":19},"end":{"line":4,"column":27}},"3":{"start":{"line":23,"column":9},"end":{"line":23,"column":19}},"4":{"start":{"line":5,"column":23},"end":{"line":5,"column":43}},"5":{"start":{"line":7,"column":0},"end":{"line":10,"column":3}},"6":{"start":{"line":7,"column":40},"end":{"line":10,"column":2}},"7":{"start":{"line":8,"column":19},"end":{"line":8,"column":50}},"8":{"start":{"line":9,"column":2},"end":{"line":9,"column":28}},"9":{"start":{"line":12,"column":0},"end":{"line":15,"column":3}},"10":{"start":{"line":12,"column":40},"end":{"line":15,"column":2}},"11":{"start":{"line":13,"column":19},"end":{"line":13,"column":60}},"12":{"start":{"line":14,"column":2},"end":{"line":14,"column":28}},"13":{"start":{"line":17,"column":0},"end":{"line":21,"column":3}},"14":{"start":{"line":17,"column":42},"end":{"line":21,"column":2}},"15":{"start":{"line":18,"column":19},"end":{"line":18,"column":62}},"16":{"start":{"line":19,"column":2},"end":{"line":19,"column":75}},"17":{"start":{"line":19,"column":17},"end":{"line":19,"column":75}},"18":{"start":{"line":20,"column":2},"end":{"line":20,"column":28}}},"fnMap":{"0":{"name":"(anonymous_8)","decl":{"start":{"line":7,"column":20},"end":{"line":7,"column":27}},"loc":{"start":{"line":7,"column":40},"end":{"line":10,"column":2}}},"1":{"name":"(anonymous_9)","decl":{"start":{"line":7,"column":40},"end":{"line":7,"column":null}},"loc":{"start":{"line":7,"column":40},"end":{"line":10,"column":1}}},"2":{"name":"(anonymous_10)","decl":{"start":{"line":12,"column":21},"end":{"line":12,"column":28}},"loc":{"start":{"line":12,"column":40},"end":{"line":15,"column":2}}},"3":{"name":"(anonymous_11)","decl":{"start":{"line":12,"column":40},"end":{"line":12,"column":null}},"loc":{"start":{"line":12,"column":40},"end":{"line":15,"column":1}}},"4":{"name":"(anonymous_12)","decl":{"start":{"line":17,"column":23},"end":{"line":17,"column":30}},"loc":{"start":{"line":17,"column":42},"end":{"line":21,"column":2}}},"5":{"name":"(anonymous_13)","decl":{"start":{"line":17,"column":42},"end":{"line":17,"column":null}},"loc":{"start":{"line":17,"column":42},"end":{"line":21,"column":1}}}},"branchMap":{"0":{"loc":{"start":{"line":19,"column":2},"end":{"line":19,"column":75}},"type":"if","locations":[{"start":{"line":19,"column":2},"end":{"line":19,"column":75}}]}},"s":{"0":0,"1":0,"2":0,"3":0,"4":0,"5":0,"6":0,"7":0,"8":0,"9":0,"10":0,"11":0,"12":0,"13":0,"14":0,"15":0,"16":0,"17":0,"18":0},"f":{"0":0,"1":0,"2":0,"3":0,"4":0,"5":0},"b":{"0":[0]}}
,"C:\\Users\\devpc\\workstation\\testing\\Nodejs\\express-test\\express-ts-rest-test\\src\\routes\\user.router.ts": {"path":"C:\\Users\\devpc\\workstation\\testing\\Nodejs\\express-test\\express-ts-rest-test\\src\\routes\\user.router.ts","statementMap":{"0":{"start":{"line":1,"column":0},"end":{"line":1,"column":33}},"1":{"start":{"line":2,"column":0},"end":{"line":2,"column":60}},"2":{"start":{"line":4,"column":19},"end":{"line":4,"column":27}},"3":{"start":{"line":23,"column":9},"end":{"line":23,"column":19}},"4":{"start":{"line":5,"column":23},"end":{"line":5,"column":43}},"5":{"start":{"line":7,"column":0},"end":{"line":10,"column":3}},"6":{"start":{"line":7,"column":40},"end":{"line":10,"column":2}},"7":{"start":{"line":8,"column":19},"end":{"line":8,"column":50}},"8":{"start":{"line":9,"column":2},"end":{"line":9,"column":28}},"9":{"start":{"line":12,"column":0},"end":{"line":15,"column":3}},"10":{"start":{"line":12,"column":40},"end":{"line":15,"column":2}},"11":{"start":{"line":13,"column":19},"end":{"line":13,"column":60}},"12":{"start":{"line":14,"column":2},"end":{"line":14,"column":28}},"13":{"start":{"line":17,"column":0},"end":{"line":21,"column":3}},"14":{"start":{"line":17,"column":42},"end":{"line":21,"column":2}},"15":{"start":{"line":18,"column":19},"end":{"line":18,"column":62}},"16":{"start":{"line":19,"column":2},"end":{"line":19,"column":75}},"17":{"start":{"line":19,"column":17},"end":{"line":19,"column":75}},"18":{"start":{"line":20,"column":2},"end":{"line":20,"column":28}}},"fnMap":{"0":{"name":"(anonymous_8)","decl":{"start":{"line":7,"column":20},"end":{"line":7,"column":27}},"loc":{"start":{"line":7,"column":40},"end":{"line":10,"column":2}}},"1":{"name":"(anonymous_9)","decl":{"start":{"line":7,"column":40},"end":{"line":7,"column":null}},"loc":{"start":{"line":7,"column":40},"end":{"line":10,"column":1}}},"2":{"name":"(anonymous_10)","decl":{"start":{"line":12,"column":21},"end":{"line":12,"column":28}},"loc":{"start":{"line":12,"column":40},"end":{"line":15,"column":2}}},"3":{"name":"(anonymous_11)","decl":{"start":{"line":12,"column":40},"end":{"line":12,"column":null}},"loc":{"start":{"line":12,"column":40},"end":{"line":15,"column":1}}},"4":{"name":"(anonymous_12)","decl":{"start":{"line":17,"column":23},"end":{"line":17,"column":30}},"loc":{"start":{"line":17,"column":42},"end":{"line":21,"column":2}}},"5":{"name":"(anonymous_13)","decl":{"start":{"line":17,"column":42},"end":{"line":17,"column":null}},"loc":{"start":{"line":17,"column":42},"end":{"line":21,"column":1}}}},"branchMap":{"0":{"loc":{"start":{"line":19,"column":2},"end":{"line":19,"column":75}},"type":"if","locations":[{"start":{"line":19,"column":2},"end":{"line":19,"column":75}}]}},"s":{"0":0,"1":0,"2":0,"3":0,"4":0,"5":0,"6":0,"7":0,"8":0,"9":0,"10":0,"11":0,"12":0,"13":0,"14":0,"15":0,"16":0,"17":0,"18":0},"f":{"0":0,"1":0,"2":0,"3":0,"4":0,"5":0},"b":{"0":[0]}}
}
