TN:
SF:src\index.ts
FN:24,(anonymous_1)
FN:25,(anonymous_2)
FN:29,(anonymous_3)
FNF:3
FNH:0
FNDA:0,(anonymous_1)
FNDA:0,(anonymous_2)
FNDA:0,(anonymous_3)
DA:1,0
DA:2,0
DA:3,0
DA:4,0
DA:5,0
DA:7,0
DA:8,0
DA:10,0
DA:11,0
DA:12,0
DA:14,0
DA:20,0
DA:22,0
DA:25,0
DA:26,0
DA:30,0
DA:31,0
LF:17
LH:0
BRDA:7,0,0,0
BRDA:7,0,1,0
BRF:2
BRH:0
end_of_record
TN:
SF:src\config\database.ts
FNF:0
FNH:0
DA:1,3
DA:2,3
DA:3,3
DA:4,3
DA:6,3
DA:17,3
LF:6
LH:6
BRDA:8,0,0,3
BRDA:8,0,1,3
BRDA:9,1,0,3
BRDA:9,1,1,3
BRDA:10,2,0,3
BRDA:10,2,1,3
BRDA:11,3,0,3
BRDA:11,3,1,3
BRDA:12,4,0,3
BRDA:12,4,1,3
BRF:10
BRH:10
end_of_record
TN:
SF:src\controllers\comment.controller.ts
FN:14,(anonymous_11)
FN:19,(anonymous_13)
FN:24,(anonymous_15)
FNF:3
FNH:3
FNDA:2,(anonymous_11)
FNDA:1,(anonymous_13)
FNDA:2,(anonymous_15)
DA:1,1
DA:3,1
DA:12,1
DA:14,1
DA:15,2
DA:19,1
DA:20,1
DA:24,1
DA:25,2
LF:9
LH:9
BRF:0
BRH:0
end_of_record
TN:
SF:src\controllers\ping.controller.ts
FN:10,(anonymous_9)
FNF:1
FNH:1
FNDA:1,(anonymous_9)
DA:1,1
DA:8,1
DA:10,1
DA:11,1
LF:4
LH:4
BRF:0
BRH:0
end_of_record
TN:
SF:src\controllers\post.controller.ts
FN:14,(anonymous_11)
FN:19,(anonymous_13)
FN:24,(anonymous_15)
FNF:3
FNH:3
FNDA:2,(anonymous_11)
FNDA:1,(anonymous_13)
FNDA:2,(anonymous_15)
DA:1,1
DA:3,1
DA:12,1
DA:14,1
DA:15,2
DA:19,1
DA:20,1
DA:24,1
DA:25,2
LF:9
LH:9
BRF:0
BRH:0
end_of_record
TN:
SF:src\controllers\user.controller.ts
FN:14,(anonymous_11)
FN:19,(anonymous_13)
FN:24,(anonymous_15)
FNF:3
FNH:3
FNDA:2,(anonymous_11)
FNDA:1,(anonymous_13)
FNDA:2,(anonymous_15)
DA:1,1
DA:3,1
DA:12,1
DA:14,1
DA:15,2
DA:19,1
DA:20,1
DA:24,1
DA:25,2
LF:9
LH:9
BRF:0
BRH:0
end_of_record
TN:
SF:src\models\comment.model.ts
FN:23,(anonymous_2)
FN:23,(anonymous_3)
FN:29,(anonymous_4)
FN:29,(anonymous_5)
FNF:4
FNH:0
FNDA:0,(anonymous_2)
FNDA:0,(anonymous_3)
FNDA:0,(anonymous_4)
FNDA:0,(anonymous_5)
DA:1,3
DA:9,3
DA:10,3
DA:13,3
DA:14,3
DA:17,3
DA:20,3
DA:23,3
DA:27,3
DA:29,3
DA:33,3
DA:36,3
LF:12
LH:12
BRF:0
BRH:0
end_of_record
TN:
SF:src\models\post.model.ts
FN:25,(anonymous_2)
FN:25,(anonymous_3)
FNF:2
FNH:0
FNDA:0,(anonymous_2)
FNDA:0,(anonymous_3)
DA:1,3
DA:9,3
DA:12,3
DA:13,3
DA:16,3
DA:19,3
DA:22,3
DA:25,3
DA:31,3
DA:34,3
LF:10
LH:10
BRF:0
BRH:0
end_of_record
TN:
SF:src\models\user.model.ts
FN:25,(anonymous_2)
FN:25,(anonymous_3)
FN:28,(anonymous_4)
FN:28,(anonymous_5)
FNF:4
FNH:0
FNDA:0,(anonymous_2)
FNDA:0,(anonymous_3)
FNDA:0,(anonymous_4)
FNDA:0,(anonymous_5)
DA:1,3
DA:8,3
DA:9,3
DA:12,3
DA:13,3
DA:16,3
DA:19,3
DA:22,3
DA:25,3
DA:28,3
DA:31,3
DA:34,3
LF:12
LH:12
BRF:0
BRH:0
end_of_record
TN:
SF:src\repositories\comment.repository.ts
FN:12,(anonymous_7)
FN:12,(anonymous_8)
FN:16,(anonymous_9)
FN:16,(anonymous_10)
FN:24,(anonymous_11)
FN:24,(anonymous_12)
FNF:6
FNH:0
FNDA:0,(anonymous_7)
FNDA:0,(anonymous_8)
FNDA:0,(anonymous_9)
FNDA:0,(anonymous_10)
FNDA:0,(anonymous_11)
FNDA:0,(anonymous_12)
DA:1,1
DA:2,1
DA:10,1
DA:12,1
DA:13,0
DA:16,1
DA:17,0
DA:18,0
DA:24,1
DA:25,0
DA:26,0
LF:11
LH:6
BRDA:26,0,0,0
BRDA:26,0,1,0
BRF:2
BRH:0
end_of_record
TN:
SF:src\repositories\post.repository.ts
FN:12,(anonymous_7)
FN:12,(anonymous_8)
FN:16,(anonymous_9)
FN:16,(anonymous_10)
FN:24,(anonymous_11)
FN:24,(anonymous_12)
FNF:6
FNH:0
FNDA:0,(anonymous_7)
FNDA:0,(anonymous_8)
FNDA:0,(anonymous_9)
FNDA:0,(anonymous_10)
FNDA:0,(anonymous_11)
FNDA:0,(anonymous_12)
DA:1,1
DA:2,1
DA:10,1
DA:12,1
DA:13,0
DA:16,1
DA:17,0
DA:18,0
DA:24,1
DA:25,0
DA:26,0
LF:11
LH:6
BRDA:26,0,0,0
BRDA:26,0,1,0
BRF:2
BRH:0
end_of_record
TN:
SF:src\repositories\user.repository.ts
FN:10,(anonymous_7)
FN:10,(anonymous_8)
FN:15,(anonymous_9)
FN:15,(anonymous_10)
FN:24,(anonymous_11)
FN:24,(anonymous_12)
FNF:6
FNH:0
FNDA:0,(anonymous_7)
FNDA:0,(anonymous_8)
FNDA:0,(anonymous_9)
FNDA:0,(anonymous_10)
FNDA:0,(anonymous_11)
FNDA:0,(anonymous_12)
DA:1,1
DA:2,1
DA:10,1
DA:11,0
DA:12,0
DA:15,1
DA:16,0
DA:17,0
DA:18,0
DA:24,1
DA:25,0
DA:26,0
DA:27,0
LF:13
LH:5
BRDA:27,0,0,0
BRDA:27,0,1,0
BRF:2
BRH:0
end_of_record
TN:
SF:src\routes\comment.router.ts
FN:8,(anonymous_8)
FN:8,(anonymous_9)
FN:13,(anonymous_10)
FN:13,(anonymous_11)
FN:18,(anonymous_12)
FN:18,(anonymous_13)
FNF:6
FNH:0
FNDA:0,(anonymous_8)
FNDA:0,(anonymous_9)
FNDA:0,(anonymous_10)
FNDA:0,(anonymous_11)
FNDA:0,(anonymous_12)
FNDA:0,(anonymous_13)
DA:1,0
DA:2,0
DA:5,0
DA:6,0
DA:8,0
DA:9,0
DA:10,0
DA:13,0
DA:14,0
DA:15,0
DA:18,0
DA:19,0
DA:20,0
DA:21,0
DA:24,0
LF:15
LH:0
BRDA:20,0,0,0
BRF:1
BRH:0
end_of_record
TN:
SF:src\routes\index.ts
FN:9,(anonymous_8)
FN:9,(anonymous_9)
FNF:2
FNH:0
FNDA:0,(anonymous_8)
FNDA:0,(anonymous_9)
DA:1,0
DA:2,0
DA:3,0
DA:4,0
DA:5,0
DA:7,0
DA:9,0
DA:10,0
DA:11,0
DA:12,0
DA:15,0
DA:16,0
DA:17,0
DA:19,0
LF:14
LH:0
BRF:0
BRH:0
end_of_record
TN:
SF:src\routes\post.router.ts
FN:7,(anonymous_8)
FN:7,(anonymous_9)
FN:12,(anonymous_10)
FN:12,(anonymous_11)
FN:17,(anonymous_12)
FN:17,(anonymous_13)
FNF:6
FNH:0
FNDA:0,(anonymous_8)
FNDA:0,(anonymous_9)
FNDA:0,(anonymous_10)
FNDA:0,(anonymous_11)
FNDA:0,(anonymous_12)
FNDA:0,(anonymous_13)
DA:1,0
DA:2,0
DA:4,0
DA:5,0
DA:7,0
DA:8,0
DA:9,0
DA:12,0
DA:13,0
DA:14,0
DA:17,0
DA:18,0
DA:19,0
DA:20,0
DA:23,0
LF:15
LH:0
BRDA:19,0,0,0
BRF:1
BRH:0
end_of_record
TN:
SF:src\routes\user.router.ts
FN:7,(anonymous_8)
FN:7,(anonymous_9)
FN:12,(anonymous_10)
FN:12,(anonymous_11)
FN:17,(anonymous_12)
FN:17,(anonymous_13)
FNF:6
FNH:0
FNDA:0,(anonymous_8)
FNDA:0,(anonymous_9)
FNDA:0,(anonymous_10)
FNDA:0,(anonymous_11)
FNDA:0,(anonymous_12)
FNDA:0,(anonymous_13)
DA:1,0
DA:2,0
DA:4,0
DA:5,0
DA:7,0
DA:8,0
DA:9,0
DA:12,0
DA:13,0
DA:14,0
DA:17,0
DA:18,0
DA:19,0
DA:20,0
DA:23,0
LF:15
LH:0
BRDA:19,0,0,0
BRF:1
BRH:0
end_of_record
